<?xml version="1.0" encoding="UTF-8"?>
<!-- Generated by org.testng.reporters.JUnitXMLReporter -->
<testsuite ignored="5" hostname="LTIN484829" failures="0" tests="5" name="ChromeTest" time="57.442" errors="0" timestamp="2024-11-05T14:30:37 IST">
  <testcase classname="TestCase.TS001_CarLoanTest" name="validate_carLoanPage" time="0.592"/>
  <testcase classname="TestCase.TS002_HomeLoanTest" name="validate_HomeLoanPage" time="0.941"/>
  <testcase classname="TestCase.TS003_UI_EMIcalculator" name="validate_EMICalPage" time="2.294"/>
  <testcase classname="TestCase.TS004_UI_LoanAmountCalc" name="validate_EMICalPage" time="0.907"/>
  <testcase classname="TestCase.TS005_UI_LoanTenureCalc" name="validate_EMICalPage" time="0.662"/>
  <testcase classname="TestCase.TS001_CarLoanTest" name="user_enteringValues_carLoan" time="0.0">
    <ignored/>
  </testcase> <!-- user_enteringValues_carLoan -->
  <testcase classname="TestCase.TS002_HomeLoanTest" name="homeloan" time="0.0">
    <ignored/>
  </testcase> <!-- homeloan -->
  <testcase classname="TestCase.TS004_UI_LoanAmountCalc" name="user_validate_Loan_Amount_Calculator_functionality" time="0.0">
    <ignored/>
  </testcase> <!-- user_validate_Loan_Amount_Calculator_functionality -->
  <testcase classname="TestCase.TS003_UI_EMIcalculator" name="user_validate_EMI_Calculator_functionality" time="0.0">
    <ignored/>
  </testcase> <!-- user_validate_EMI_Calculator_functionality -->
  <testcase classname="TestCase.TS005_UI_LoanTenureCalc" name="user_validate_Loan_Tenure_Calculator_functionality" time="0.0">
    <ignored/>
  </testcase> <!-- user_validate_Loan_Tenure_Calculator_functionality -->
</testsuite> <!-- ChromeTest -->
