<?xml version="1.0" encoding="UTF-8"?>
<testng-results ignored="0" total="5" passed="5" failed="0" skipped="0">
  <reporter-output>
  </reporter-output>
  <suite started-at="2024-11-05T14:29:39 IST" name="Suite" finished-at="2024-11-05T14:30:37 IST" duration-ms="57442">
    <groups>
      <group name="smoke">
        <method signature="TS001_CarLoanTest.validate_carLoanPage()[pri:1, instance:TestCase.TS001_CarLoanTest@1a4927d6]" name="validate_carLoanPage" class="TestCase.TS001_CarLoanTest"/>
        <method signature="TS002_HomeLoanTest.validate_HomeLoanPage()[pri:1, instance:TestCase.TS002_HomeLoanTest@16150369]" name="validate_HomeLoanPage" class="TestCase.TS002_HomeLoanTest"/>
        <method signature="TS003_UI_EMIcalculator.validate_EMICalPage()[pri:1, instance:TestCase.TS003_UI_EMIcalculator@6b09fb41]" name="validate_EMICalPage" class="TestCase.TS003_UI_EMIcalculator"/>
        <method signature="TS004_UI_LoanAmountCalc.validate_EMICalPage()[pri:1, instance:TestCase.TS004_UI_LoanAmountCalc@624ea235]" name="validate_EMICalPage" class="TestCase.TS004_UI_LoanAmountCalc"/>
        <method signature="TS005_UI_LoanTenureCalc.validate_EMICalPage()[pri:1, instance:TestCase.TS005_UI_LoanTenureCalc@3932c79a]" name="validate_EMICalPage" class="TestCase.TS005_UI_LoanTenureCalc"/>
      </group> <!-- smoke -->
    </groups>
    <test started-at="2024-11-05T14:29:39 IST" name="ChromeTest" finished-at="2024-11-05T14:30:37 IST" duration-ms="57442">
      <class name="TestCase.TS005_UI_LoanTenureCalc">
        <test-method is-config="true" signature="setup(java.lang.String,java.lang.String)[pri:0, instance:TestCase.TS005_UI_LoanTenureCalc@3932c79a]" started-at="2024-11-05T14:30:28 IST" name="setup" finished-at="2024-11-05T14:30:34 IST" duration-ms="6475" status="PASS">
          <params>
            <param index="0">
              <value>
                <![CDATA[Windows]]>
              </value>
            </param>
            <param index="1">
              <value>
                <![CDATA[chrome]]>
              </value>
            </param>
          </params>
          <reporter-output>
          </reporter-output>
        </test-method> <!-- setup -->
        <test-method signature="validate_EMICalPage()[pri:1, instance:TestCase.TS005_UI_LoanTenureCalc@3932c79a]" started-at="2024-11-05T14:30:34 IST" name="validate_EMICalPage" finished-at="2024-11-05T14:30:35 IST" duration-ms="662" status="PASS">
          <reporter-output>
          </reporter-output>
        </test-method> <!-- validate_EMICalPage -->
        <test-method is-config="true" signature="tearDown()[pri:0, instance:TestCase.TS005_UI_LoanTenureCalc@3932c79a]" started-at="2024-11-05T14:30:35 IST" name="tearDown" finished-at="2024-11-05T14:30:37 IST" duration-ms="1933" status="PASS">
          <reporter-output>
          </reporter-output>
        </test-method> <!-- tearDown -->
      </class> <!-- TestCase.TS005_UI_LoanTenureCalc -->
      <class name="TestCase.TS003_UI_EMIcalculator">
        <test-method is-config="true" signature="setup(java.lang.String,java.lang.String)[pri:0, instance:TestCase.TS003_UI_EMIcalculator@6b09fb41]" started-at="2024-11-05T14:30:09 IST" name="setup" finished-at="2024-11-05T14:30:15 IST" duration-ms="5205" status="PASS">
          <params>
            <param index="0">
              <value>
                <![CDATA[Windows]]>
              </value>
            </param>
            <param index="1">
              <value>
                <![CDATA[chrome]]>
              </value>
            </param>
          </params>
          <reporter-output>
          </reporter-output>
        </test-method> <!-- setup -->
        <test-method signature="validate_EMICalPage()[pri:1, instance:TestCase.TS003_UI_EMIcalculator@6b09fb41]" started-at="2024-11-05T14:30:15 IST" name="validate_EMICalPage" finished-at="2024-11-05T14:30:17 IST" duration-ms="2294" status="PASS">
          <reporter-output>
          </reporter-output>
        </test-method> <!-- validate_EMICalPage -->
        <test-method is-config="true" signature="tearDown()[pri:0, instance:TestCase.TS003_UI_EMIcalculator@6b09fb41]" started-at="2024-11-05T14:30:17 IST" name="tearDown" finished-at="2024-11-05T14:30:19 IST" duration-ms="1988" status="PASS">
          <reporter-output>
          </reporter-output>
        </test-method> <!-- tearDown -->
      </class> <!-- TestCase.TS003_UI_EMIcalculator -->
      <class name="TestCase.TS002_HomeLoanTest">
        <test-method is-config="true" signature="setup(java.lang.String,java.lang.String)[pri:0, instance:TestCase.TS002_HomeLoanTest@16150369]" started-at="2024-11-05T14:29:59 IST" name="setup" finished-at="2024-11-05T14:30:06 IST" duration-ms="7682" status="PASS">
          <params>
            <param index="0">
              <value>
                <![CDATA[Windows]]>
              </value>
            </param>
            <param index="1">
              <value>
                <![CDATA[chrome]]>
              </value>
            </param>
          </params>
          <reporter-output>
          </reporter-output>
        </test-method> <!-- setup -->
        <test-method signature="validate_HomeLoanPage()[pri:1, instance:TestCase.TS002_HomeLoanTest@16150369]" started-at="2024-11-05T14:30:06 IST" name="validate_HomeLoanPage" finished-at="2024-11-05T14:30:07 IST" duration-ms="941" status="PASS">
          <reporter-output>
          </reporter-output>
        </test-method> <!-- validate_HomeLoanPage -->
        <test-method is-config="true" signature="tearDown()[pri:0, instance:TestCase.TS002_HomeLoanTest@16150369]" started-at="2024-11-05T14:30:07 IST" name="tearDown" finished-at="2024-11-05T14:30:09 IST" duration-ms="1919" status="PASS">
          <reporter-output>
          </reporter-output>
        </test-method> <!-- tearDown -->
      </class> <!-- TestCase.TS002_HomeLoanTest -->
      <class name="TestCase.TS001_CarLoanTest">
        <test-method is-config="true" signature="setup(java.lang.String,java.lang.String)[pri:0, instance:TestCase.TS001_CarLoanTest@1a4927d6]" started-at="2024-11-05T14:29:39 IST" name="setup" finished-at="2024-11-05T14:29:56 IST" duration-ms="17059" status="PASS">
          <params>
            <param index="0">
              <value>
                <![CDATA[Windows]]>
              </value>
            </param>
            <param index="1">
              <value>
                <![CDATA[chrome]]>
              </value>
            </param>
          </params>
          <reporter-output>
          </reporter-output>
        </test-method> <!-- setup -->
        <test-method signature="validate_carLoanPage()[pri:1, instance:TestCase.TS001_CarLoanTest@1a4927d6]" started-at="2024-11-05T14:29:56 IST" name="validate_carLoanPage" finished-at="2024-11-05T14:29:57 IST" duration-ms="592" status="PASS">
          <reporter-output>
          </reporter-output>
        </test-method> <!-- validate_carLoanPage -->
        <test-method is-config="true" signature="tearDown()[pri:0, instance:TestCase.TS001_CarLoanTest@1a4927d6]" started-at="2024-11-05T14:29:57 IST" name="tearDown" finished-at="2024-11-05T14:29:59 IST" duration-ms="1957" status="PASS">
          <reporter-output>
          </reporter-output>
        </test-method> <!-- tearDown -->
      </class> <!-- TestCase.TS001_CarLoanTest -->
      <class name="TestCase.TS004_UI_LoanAmountCalc">
        <test-method is-config="true" signature="setup(java.lang.String,java.lang.String)[pri:0, instance:TestCase.TS004_UI_LoanAmountCalc@624ea235]" started-at="2024-11-05T14:30:19 IST" name="setup" finished-at="2024-11-05T14:30:25 IST" duration-ms="5761" status="PASS">
          <params>
            <param index="0">
              <value>
                <![CDATA[Windows]]>
              </value>
            </param>
            <param index="1">
              <value>
                <![CDATA[chrome]]>
              </value>
            </param>
          </params>
          <reporter-output>
          </reporter-output>
        </test-method> <!-- setup -->
        <test-method signature="validate_EMICalPage()[pri:1, instance:TestCase.TS004_UI_LoanAmountCalc@624ea235]" started-at="2024-11-05T14:30:25 IST" name="validate_EMICalPage" finished-at="2024-11-05T14:30:26 IST" duration-ms="907" status="PASS">
          <reporter-output>
          </reporter-output>
        </test-method> <!-- validate_EMICalPage -->
        <test-method is-config="true" signature="tearDown()[pri:0, instance:TestCase.TS004_UI_LoanAmountCalc@624ea235]" started-at="2024-11-05T14:30:26 IST" name="tearDown" finished-at="2024-11-05T14:30:28 IST" duration-ms="2015" status="PASS">
          <reporter-output>
          </reporter-output>
        </test-method> <!-- tearDown -->
      </class> <!-- TestCase.TS004_UI_LoanAmountCalc -->
    </test> <!-- ChromeTest -->
  </suite> <!-- Suite -->
</testng-results>
